# JRE version: OpenJDK Runtime Environment Temurin-21.0.4+7 (21.0.4+7) (build 21.0.4+7-LTS)
# Java VM: OpenJDK 64-Bit Server VM Temurin-21.0.4+7 (21.0.4+7-LTS, mixed mode, emulated-client, tiered, compressed oops, compressed class ptrs, g1 gc, windows-amd64)
GC Precious Log:
 CardTable entry size: 512
 Card Set container configuration: InlinePtr #cards 5 size 8 Array Of Cards #cards 12 size 40 Howl #buckets 4 coarsen threshold 1843 Howl Bitmap #cards 512 size 80 coarsen threshold 460 Card regions per heap region 1 cards per card region 2048
 CPUs: 8 total, 8 available
 Memory: 16221M
 Large Page Support: Disabled
 NUMA Support: Disabled
 Compressed Oops: Enabled (32-bit)
 Heap Region Size: 1M
 Heap Min Capacity: 8M
 Heap Initial Capacity: 254M
 Heap Max Capacity: 1G
 Pre-touch: Disabled
 Parallel Workers: 8
 Concurrent Workers: 2
 Concurrent Refinement Workers: 8
 Periodic GC: Disabled
Heap:
 garbage-first heap   total 94208K, used 38529K [0x00000000c0000000, 0x0000000100000000)
  region size 1024K, 1 young (1024K), 0 survivors (0K)
 Metaspace       used 65376K, committed 66176K, reserved 1114112K
  class space    used 7775K, committed 8128K, reserved 1048576K
GC Heap History (20 events):
Event: 22618.568 GC heap after
{Heap after GC invocations=1668 (full 1533):
 garbage-first heap   total 94208K, used 38529K [0x00000000c0000000, 0x0000000100000000)
  region size 1024K, 0 young (0K), 0 survivors (0K)
 Metaspace       used 65376K, committed 66176K, reserved 1114112K
  class space    used 7775K, committed 8128K, reserved 1048576K
}
Event: 22628.836 GC heap before
{Heap before GC invocations=1668 (full 1533):
 garbage-first heap   total 94208K, used 38529K [0x00000000c0000000, 0x0000000100000000)
  region size 1024K, 1 young (1024K), 0 survivors (0K)
 Metaspace       used 65376K, committed 66176K, reserved 1114112K
  class space    used 7775K, committed 8128K, reserved 1048576K
}
Event: 22628.873 GC heap after
{Heap after GC invocations=1669 (full 1534):
 garbage-first heap   total 94208K, used 38529K [0x00000000c0000000, 0x0000000100000000)
  region size 1024K, 0 young (0K), 0 survivors (0K)
 Metaspace       used 65376K, committed 66176K, reserved 1114112K
  class space    used 7775K, committed 8128K, reserved 1048576K
}
Event: 22639.105 GC heap before
{Heap before GC invocations=1669 (full 1534):
 garbage-first heap   total 94208K, used 38529K [0x00000000c0000000, 0x0000000100000000)
  region size 1024K, 1 young (1024K), 0 survivors (0K)
 Metaspace       used 65376K, committed 66176K, reserved 1114112K
  class space    used 7775K, committed 8128K, reserved 1048576K
}
Event: 22639.131 GC heap after
{Heap after GC invocations=1670 (full 1535):
 garbage-first heap   total 94208K, used 38529K [0x00000000c0000000, 0x0000000100000000)
  region size 1024K, 0 young (0K), 0 survivors (0K)
 Metaspace       used 65376K, committed 66176K, reserved 1114112K
  class space    used 7775K, committed 8128K, reserved 1048576K
}
Event: 22649.456 GC heap before
{Heap before GC invocations=1670 (full 1535):
 garbage-first heap   total 94208K, used 38529K [0x00000000c0000000, 0x0000000100000000)
  region size 1024K, 1 young (1024K), 0 survivors (0K)
 Metaspace       used 65376K, committed 66176K, reserved 1114112K
  class space    used 7775K, committed 8128K, reserved 1048576K
}
Event: 22649.485 GC heap after
{Heap after GC invocations=1671 (full 1536):
 garbage-first heap   total 94208K, used 38529K [0x00000000c0000000, 0x0000000100000000)
  region size 1024K, 0 young (0K), 0 survivors (0K)
 Metaspace       used 65376K, committed 66176K, reserved 1114112K
  class space    used 7775K, committed 8128K, reserved 1048576K
}
Event: 22659.709 GC heap before
{Heap before GC invocations=1671 (full 1536):
 garbage-first heap   total 94208K, used 38529K [0x00000000c0000000, 0x0000000100000000)
  region size 1024K, 1 young (1024K), 0 survivors (0K)
 Metaspace       used 65376K, committed 66176K, reserved 1114112K
  class space    used 7775K, committed 8128K, reserved 1048576K
}
Event: 22659.743 GC heap after
{Heap after GC invocations=1672 (full 1537):
 garbage-first heap   total 94208K, used 38529K [0x00000000c0000000, 0x0000000100000000)
  region size 1024K, 0 young (0K), 0 survivors (0K)
 Metaspace       used 65376K, committed 66176K, reserved 1114112K
  class space    used 7775K, committed 8128K, reserved 1048576K
}
Event: 22669.961 GC heap before
{Heap before GC invocations=1672 (full 1537):
 garbage-first heap   total 94208K, used 38529K [0x00000000c0000000, 0x0000000100000000)
  region size 1024K, 1 young (1024K), 0 survivors (0K)
 Metaspace       used 65376K, committed 66176K, reserved 1114112K
  class space    used 7775K, committed 8128K, reserved 1048576K
}
Event: 22669.987 GC heap after
{Heap after GC invocations=1673 (full 1538):
 garbage-first heap   total 94208K, used 38529K [0x00000000c0000000, 0x0000000100000000)
  region size 1024K, 0 young (0K), 0 survivors (0K)
 Metaspace       used 65376K, committed 66176K, reserved 1114112K
  class space    used 7775K, committed 8128K, reserved 1048576K
}
Event: 22680.243 GC heap before
{Heap before GC invocations=1673 (full 1538):
 garbage-first heap   total 94208K, used 38529K [0x00000000c0000000, 0x0000000100000000)
  region size 1024K, 1 young (1024K), 0 survivors (0K)
 Metaspace       used 65376K, committed 66176K, reserved 1114112K
  class space    used 7775K, committed 8128K, reserved 1048576K
}
Event: 22680.271 GC heap after
{Heap after GC invocations=1674 (full 1539):
 garbage-first heap   total 94208K, used 38529K [0x00000000c0000000, 0x0000000100000000)
  region size 1024K, 0 young (0K), 0 survivors (0K)
 Metaspace       used 65376K, committed 66176K, reserved 1114112K
  class space    used 7775K, committed 8128K, reserved 1048576K
}
Event: 22690.509 GC heap before
{Heap before GC invocations=1674 (full 1539):
 garbage-first heap   total 94208K, used 38529K [0x00000000c0000000, 0x0000000100000000)
  region size 1024K, 1 young (1024K), 0 survivors (0K)
 Metaspace       used 65376K, committed 66176K, reserved 1114112K
  class space    used 7775K, committed 8128K, reserved 1048576K
}
Event: 22690.550 GC heap after
{Heap after GC invocations=1675 (full 1540):
 garbage-first heap   total 94208K, used 38529K [0x00000000c0000000, 0x0000000100000000)
  region size 1024K, 0 young (0K), 0 survivors (0K)
 Metaspace       used 65376K, committed 66176K, reserved 1114112K
  class space    used 7775K, committed 8128K, reserved 1048576K
}
Event: 22700.811 GC heap before
{Heap before GC invocations=1675 (full 1540):
 garbage-first heap   total 94208K, used 38529K [0x00000000c0000000, 0x0000000100000000)
  region size 1024K, 1 young (1024K), 0 survivors (0K)
 Metaspace       used 65376K, committed 66176K, reserved 1114112K
  class space    used 7775K, committed 8128K, reserved 1048576K
}
Event: 22700.844 GC heap after
{Heap after GC invocations=1676 (full 1541):
 garbage-first heap   total 94208K, used 38529K [0x00000000c0000000, 0x0000000100000000)
  region size 1024K, 0 young (0K), 0 survivors (0K)
 Metaspace       used 65376K, committed 66176K, reserved 1114112K
  class space    used 7775K, committed 8128K, reserved 1048576K
}
Event: 22711.129 GC heap before
{Heap before GC invocations=1676 (full 1541):
 garbage-first heap   total 94208K, used 38529K [0x00000000c0000000, 0x0000000100000000)
  region size 1024K, 1 young (1024K), 0 survivors (0K)
 Metaspace       used 65376K, committed 66176K, reserved 1114112K
  class space    used 7775K, committed 8128K, reserved 1048576K
}
Event: 22711.162 GC heap after
{Heap after GC invocations=1677 (full 1542):
 garbage-first heap   total 94208K, used 38529K [0x00000000c0000000, 0x0000000100000000)
  region size 1024K, 0 young (0K), 0 survivors (0K)
 Metaspace       used 65376K, committed 66176K, reserved 1114112K
  class space    used 7775K, committed 8128K, reserved 1048576K
}
Event: 22721.256 GC heap before
{Heap before GC invocations=1677 (full 1542):
 garbage-first heap   total 94208K, used 38529K [0x00000000c0000000, 0x0000000100000000)
  region size 1024K, 1 young (1024K), 0 survivors (0K)
 Metaspace       used 65376K, committed 66176K, reserved 1114112K
  class space    used 7775K, committed 8128K, reserved 1048576K
}

